Command: /home/Yasir_Alqulayti/DV/uvm/project_spi/tb/./simv -l sim.log +UVM_TESTNAME=wb_write_test +UVM_VERBOSITY=UVM_HIGH -timescale 1ns/1ns
Chronologic VCS simulator copyright 1991-2024
Contains Synopsys proprietary information.
Compiler version W-2024.09-SP1_Full64; Runtime version W-2024.09-SP1_Full64;  Mar 20 14:04 2025
----------------------------------------------------------------
UVM-1.1d.Synopsys
(C) 2007-2013 Mentor Graphics Corporation
(C) 2007-2013 Cadence Design Systems, Inc.
(C) 2006-2013 Synopsys, Inc.
(C) 2011-2013 Cypress Semiconductor Corp.
----------------------------------------------------------------

  ***********       IMPORTANT RELEASE NOTES         ************

  You are using a version of the UVM library that has been compiled
  with `UVM_NO_DEPRECATED undefined.
  See http://www.eda.org/svdb/view.php?id=3313 for more details.

  You are using a version of the UVM library that has been compiled
  with `UVM_OBJECT_MUST_HAVE_CONSTRUCTOR undefined.
  See http://www.eda.org/svdb/view.php?id=3770 for more details.

      (Specify +UVM_NO_RELNOTES to turn off this notice)

UVM_INFO @ 0: reporter [RNTST] Running test wb_write_test...
UVM_INFO @ 0: reporter [UVMTOP] UVM testbench topology:
--------------------------------------------------------------------------
Name                           Type                       Size  Value     
--------------------------------------------------------------------------
uvm_test_top                   wb_write_test              -     @469      
  tb                           testbench                  -     @486      
    clk_rst                    clock_and_reset_env        -     @509      
      agent                    clock_and_reset_agent      -     @523      
        driver                 clock_and_reset_driver     -     @534      
          rsp_port             uvm_analysis_port          -     @549      
            recording_detail   uvm_verbosity              32    UVM_FULL  
          seq_item_port        uvm_seq_item_pull_port     -     @541      
            recording_detail   uvm_verbosity              32    UVM_FULL  
          recording_detail     uvm_verbosity              32    UVM_FULL  
        sequencer              clock_and_reset_sequencer  -     @557      
          rsp_export           uvm_analysis_export        -     @564      
            recording_detail   uvm_verbosity              32    UVM_FULL  
          seq_item_export      uvm_seq_item_pull_imp      -     @658      
            recording_detail   uvm_verbosity              32    UVM_FULL  
          recording_detail     uvm_verbosity              32    UVM_FULL  
          arbitration_queue    array                      0     -         
          lock_queue           array                      0     -         
          num_last_reqs        integral                   32    'd1       
          num_last_rsps        integral                   32    'd1       
        recording_detail       uvm_verbosity              32    UVM_FULL  
      recording_detail         uvm_verbosity              32    UVM_FULL  
    spi                        spi_env                    -     @516      
      slave_agent              spi_slave_agent            -     @674      
        drv                    spi_slave_driver           -     @688      
          rsp_port             uvm_analysis_port          -     @703      
            recording_detail   uvm_verbosity              32    UVM_FULL  
          seq_item_port        uvm_seq_item_pull_port     -     @695      
            recording_detail   uvm_verbosity              32    UVM_FULL  
          recording_detail     uvm_verbosity              32    UVM_FULL  
        mon                    spi_slave_monitor          -     @820      
          recording_detail     uvm_verbosity              32    UVM_FULL  
        seqr                   spi_slave_sequencer        -     @711      
          rsp_export           uvm_analysis_export        -     @718      
            recording_detail   uvm_verbosity              32    UVM_FULL  
          seq_item_export      uvm_seq_item_pull_imp      -     @812      
            recording_detail   uvm_verbosity              32    UVM_FULL  
          recording_detail     uvm_verbosity              32    UVM_FULL  
          arbitration_queue    array                      0     -         
          lock_queue           array                      0     -         
          num_last_reqs        integral                   32    'd1       
          num_last_rsps        integral                   32    'd1       
        is_active              uvm_active_passive_enum    1     UVM_ACTIVE
        recording_detail       uvm_verbosity              32    UVM_FULL  
      enable_master            integral                   32    'h0       
      enable_slave             integral                   32    'h1       
      recording_detail         uvm_verbosity              32    UVM_FULL  
    wb                         wb_env                     -     @502      
      masters[0]               wb_master_agent            -     @836      
        driver                 wb_master_driver           -     @975      
          rsp_port             uvm_analysis_port          -     @990      
            recording_detail   uvm_verbosity              32    UVM_FULL  
          seq_item_port        uvm_seq_item_pull_port     -     @982      
            recording_detail   uvm_verbosity              32    UVM_FULL  
          master_id            integral                   32    'h0       
          recording_detail     uvm_verbosity              32    UVM_FULL  
        monitor                wb_master_monitor          -     @851      
          item_collected_port  uvm_analysis_port          -     @858      
            recording_detail   uvm_verbosity              32    UVM_FULL  
          master_id            integral                   32    'h0       
          recording_detail     uvm_verbosity              32    UVM_FULL  
        sequencer              wb_master_sequencer        -     @866      
          rsp_export           uvm_analysis_export        -     @873      
            recording_detail   uvm_verbosity              32    UVM_FULL  
          seq_item_export      uvm_seq_item_pull_imp      -     @967      
            recording_detail   uvm_verbosity              32    UVM_FULL  
          master_id            integral                   32    'h0       
          recording_detail     uvm_verbosity              32    UVM_FULL  
          arbitration_queue    array                      0     -         
          lock_queue           array                      0     -         
          num_last_reqs        integral                   32    'd1       
          num_last_rsps        integral                   32    'd1       
        is_active              uvm_active_passive_enum    1     UVM_ACTIVE
        master_id              integral                   32    'h0       
        recording_detail       uvm_verbosity              32    UVM_FULL  
      num_masters              integral                   32    'h1       
      num_slaves               integral                   32    'h0       
      recording_detail         uvm_verbosity              32    UVM_FULL  
    recording_detail           uvm_verbosity              32    UVM_FULL  
--------------------------------------------------------------------------

UVM_INFO ../spi/sv/../sv/spi_slave_driver.sv(38) @ 0: uvm_test_top.tb.spi.slave_agent.drv [spi_slave_driver] Running Simulation...
UVM_INFO ../spi/sv/../sv/spi_slave_monitor.sv(34) @ 0: uvm_test_top.tb.spi.slave_agent.mon [spi_slave_monitor] Running Simulation...
UVM_INFO ../spi/sv/../sv/spi_slave_monitor.sv(25) @ 0: uvm_test_top.tb.spi.slave_agent.mon [SPI_SLAVE_MONITOR] Monitor is active
UVM_INFO ../clock_and_reset/sv/clock_and_reset_seq.sv(48) @ 0: uvm_test_top.tb.clk_rst.agent.sequencer@@clk10_rst5_seq [clk10_rst5_seq] Starting test_sequence sequence body
UVM_INFO ../clock_and_reset/sv/clock_and_reset_seq.sv(20) @ 0: uvm_test_top.tb.clk_rst.agent.sequencer@@clk10_rst5_seq.cr [clock_and_reset_sequence] starting body clock_and_reset_wait_seq
UVM_INFO ../clock_and_reset/sv/clock_and_reset_seq.sv(48) @ 0: uvm_test_top.tb.clk_rst.agent.sequencer@@clk10_rst5_seq [clk10_rst5_seq] Starting test_sequence sequence body
UVM_INFO ../clock_and_reset/sv/clock_and_reset_seq.sv(20) @ 0: uvm_test_top.tb.clk_rst.agent.sequencer@@clk10_rst5_seq.cr [clock_and_reset_sequence] starting body clock_and_reset_wait_seq
UVM_INFO ../clock_and_reset/sv/clock_and_reset_seq.sv(48) @ 0: uvm_test_top.tb.clk_rst.agent.sequencer@@clk10_rst5_seq [clk10_rst5_seq] Starting test_sequence sequence body
UVM_INFO ../clock_and_reset/sv/clock_and_reset_seq.sv(20) @ 0: uvm_test_top.tb.clk_rst.agent.sequencer@@clk10_rst5_seq.cr [clock_and_reset_sequence] starting body clock_and_reset_wait_seq
UVM_INFO ../clock_and_reset/sv/clock_and_reset_seq.sv(48) @ 0: uvm_test_top.tb.clk_rst.agent.sequencer@@clk10_rst5_seq [clk10_rst5_seq] Starting test_sequence sequence body
UVM_INFO ../clock_and_reset/sv/clock_and_reset_seq.sv(20) @ 0: uvm_test_top.tb.clk_rst.agent.sequencer@@clk10_rst5_seq.cr [clock_and_reset_sequence] starting body clock_and_reset_wait_seq
UVM_INFO ../clock_and_reset/sv/clock_and_reset_seq.sv(48) @ 0: uvm_test_top.tb.clk_rst.agent.sequencer@@clk10_rst5_seq [clk10_rst5_seq] Starting test_sequence sequence body
UVM_INFO ../clock_and_reset/sv/clock_and_reset_seq.sv(20) @ 0: uvm_test_top.tb.clk_rst.agent.sequencer@@clk10_rst5_seq.cr [clock_and_reset_sequence] starting body clock_and_reset_wait_seq
UVM_INFO ../clock_and_reset/sv/clock_and_reset_seq.sv(48) @ 0: uvm_test_top.tb.clk_rst.agent.sequencer@@clk10_rst5_seq [clk10_rst5_seq] Starting test_sequence sequence body
UVM_INFO ../clock_and_reset/sv/clock_and_reset_seq.sv(20) @ 0: uvm_test_top.tb.clk_rst.agent.sequencer@@clk10_rst5_seq.cr [clock_and_reset_sequence] starting body clock_and_reset_wait_seq
UVM_INFO ../clock_and_reset/sv/clock_and_reset_seq.sv(48) @ 0: uvm_test_top.tb.clk_rst.agent.sequencer@@clk10_rst5_seq [clk10_rst5_seq] Starting test_sequence sequence body
UVM_INFO ../clock_and_reset/sv/clock_and_reset_seq.sv(20) @ 0: uvm_test_top.tb.clk_rst.agent.sequencer@@clk10_rst5_seq.cr [clock_and_reset_sequence] starting body clock_and_reset_wait_seq
UVM_INFO ../clock_and_reset/sv/clock_and_reset_seq.sv(48) @ 0: uvm_test_top.tb.clk_rst.agent.sequencer@@clk10_rst5_seq [clk10_rst5_seq] Starting test_sequence sequence body
UVM_INFO ../clock_and_reset/sv/clock_and_reset_seq.sv(20) @ 0: uvm_test_top.tb.clk_rst.agent.sequencer@@clk10_rst5_seq.cr [clock_and_reset_sequence] starting body clock_and_reset_wait_seq
UVM_INFO ../wb/sv/../sv/wb_master_seqs.sv(26) @ 0: uvm_test_top.tb.wb.masters[0].sequencer@@wb_write_seq [wb_write_seq] raise objection
UVM_INFO ../clock_and_reset/sv/clock_and_reset_seq.sv(48) @ 0: uvm_test_top.tb.clk_rst.agent.sequencer@@clk10_rst5_seq [clk10_rst5_seq] Starting test_sequence sequence body
UVM_INFO ../wb/sv/../sv/wb_master_seqs.sv(64) @ 0: uvm_test_top.tb.wb.masters[0].sequencer@@wb_write_seq [wb_write_seq] Executing sequence
UVM_INFO ../clock_and_reset/sv/clock_and_reset_seq.sv(20) @ 0: uvm_test_top.tb.clk_rst.agent.sequencer@@clk10_rst5_seq.cr [clock_and_reset_sequence] starting body clock_and_reset_wait_seq
UVM_INFO ../wb/sv/../sv/wb_master_driver.sv(32) @ 0: uvm_test_top.tb.wb.masters[0].driver [wb_master_driver] ---------------------------------------------------------------------------------------------------------
Name                           Type            Size  Value                                               
---------------------------------------------------------------------------------------------------------
req                            wb_transaction  -     @1176                                               
  op_type                      op_type_enum    1     wb_write                                            
  addr                         integral        32    'h0                                                 
  din                          integral        8     'h70                                                
  dout                         integral        8     'hxx                                                
  begin_time                   time            64    0                                                   
  depth                        int             32    'd2                                                 
  parent sequence (name)       string          12    wb_write_seq                                        
  parent sequence (full name)  string          52    uvm_test_top.tb.wb.masters[0].sequencer.wb_write_seq
  sequencer                    string          39    uvm_test_top.tb.wb.masters[0].sequencer             
---------------------------------------------------------------------------------------------------------

UVM_INFO ../wb/sv/../sv/wb_master_monitor.sv(47) @ 75: uvm_test_top.tb.wb.masters[0].monitor [wb_master_monitor] transaction collected :
------------------------------------------
Name        Type            Size  Value   
------------------------------------------
tr_collect  wb_transaction  -     @1184   
  op_type   op_type_enum    1     wb_write
  addr      integral        32    'h0     
  din       integral        8     'h70    
  dout      integral        8     'h10    
------------------------------------------

UVM_INFO ../wb/sv/../sv/wb_master_driver.sv(32) @ 75: uvm_test_top.tb.wb.masters[0].driver [wb_master_driver] ---------------------------------------------------------------------------------------------------------
Name                           Type            Size  Value                                               
---------------------------------------------------------------------------------------------------------
req                            wb_transaction  -     @1193                                               
  op_type                      op_type_enum    1     wb_write                                            
  addr                         integral        32    'h4                                                 
  din                          integral        8     'h1                                                 
  dout                         integral        8     'hxx                                                
  begin_time                   time            64    75                                                  
  depth                        int             32    'd2                                                 
  parent sequence (name)       string          12    wb_write_seq                                        
  parent sequence (full name)  string          52    uvm_test_top.tb.wb.masters[0].sequencer.wb_write_seq
  sequencer                    string          39    uvm_test_top.tb.wb.masters[0].sequencer             
---------------------------------------------------------------------------------------------------------

UVM_INFO ../spi/sv/../sv/spi_slave_driver.sv(21) @ 85: uvm_test_top.tb.spi.slave_agent.drv [spi_slave_driver] SPI Slave Detected Master Start - Preparing Response
UVM_INFO ../wb/sv/../sv/wb_master_monitor.sv(47) @ 95: uvm_test_top.tb.wb.masters[0].monitor [wb_master_monitor] transaction collected :
------------------------------------------
Name        Type            Size  Value   
------------------------------------------
tr_collect  wb_transaction  -     @1188   
  op_type   op_type_enum    1     wb_write
  addr      integral        32    'h0     
  din       integral        8     'h1     
  dout      integral        8     'h0     
------------------------------------------

UVM_INFO ../wb/sv/../sv/wb_master_driver.sv(32) @ 95: uvm_test_top.tb.wb.masters[0].driver [wb_master_driver] ---------------------------------------------------------------------------------------------------------
Name                           Type            Size  Value                                               
---------------------------------------------------------------------------------------------------------
req                            wb_transaction  -     @1201                                               
  op_type                      op_type_enum    1     wb_write                                            
  addr                         integral        32    'h2                                                 
  din                          integral        8     'h99                                                
  dout                         integral        8     'hxx                                                
  begin_time                   time            64    95                                                  
  depth                        int             32    'd2                                                 
  parent sequence (name)       string          12    wb_write_seq                                        
  parent sequence (full name)  string          52    uvm_test_top.tb.wb.masters[0].sequencer.wb_write_seq
  sequencer                    string          39    uvm_test_top.tb.wb.masters[0].sequencer             
---------------------------------------------------------------------------------------------------------

UVM_INFO ../wb/sv/../sv/wb_master_monitor.sv(47) @ 115: uvm_test_top.tb.wb.masters[0].monitor [wb_master_monitor] transaction collected :
------------------------------------------
Name        Type            Size  Value   
------------------------------------------
tr_collect  wb_transaction  -     @1197   
  op_type   op_type_enum    1     wb_write
  addr      integral        32    'h2     
  din       integral        8     'h99    
  dout      integral        8     'h0     
------------------------------------------

UVM_INFO ../wb/sv/../sv/wb_master_driver.sv(32) @ 275: uvm_test_top.tb.wb.masters[0].driver [wb_master_driver] ---------------------------------------------------------------------------------------------------------
Name                           Type            Size  Value                                               
---------------------------------------------------------------------------------------------------------
req                            wb_transaction  -     @1209                                               
  op_type                      op_type_enum    1     wb_write                                            
  addr                         integral        32    'h4                                                 
  din                          integral        8     'h0                                                 
  dout                         integral        8     'hxx                                                
  begin_time                   time            64    275                                                 
  depth                        int             32    'd2                                                 
  parent sequence (name)       string          12    wb_write_seq                                        
  parent sequence (full name)  string          52    uvm_test_top.tb.wb.masters[0].sequencer.wb_write_seq
  sequencer                    string          39    uvm_test_top.tb.wb.masters[0].sequencer             
---------------------------------------------------------------------------------------------------------

UVM_INFO ../wb/sv/../sv/wb_master_monitor.sv(47) @ 295: uvm_test_top.tb.wb.masters[0].monitor [wb_master_monitor] transaction collected :
------------------------------------------
Name        Type            Size  Value   
------------------------------------------
tr_collect  wb_transaction  -     @1205   
  op_type   op_type_enum    1     wb_write
  addr      integral        32    'h0     
  din       integral        8     'h0     
  dout      integral        8     'h1     
------------------------------------------

UVM_INFO ../wb/sv/../sv/wb_master_driver.sv(32) @ 295: uvm_test_top.tb.wb.masters[0].driver [wb_master_driver] ---------------------------------------------------------------------------------------------------------
Name                           Type            Size  Value                                               
---------------------------------------------------------------------------------------------------------
req                            wb_transaction  -     @1217                                               
  op_type                      op_type_enum    1     wb_read                                             
  addr                         integral        32    'h2                                                 
  din                          integral        8     'h71                                                
  dout                         integral        8     'hxx                                                
  begin_time                   time            64    295                                                 
  depth                        int             32    'd2                                                 
  parent sequence (name)       string          12    wb_write_seq                                        
  parent sequence (full name)  string          52    uvm_test_top.tb.wb.masters[0].sequencer.wb_write_seq
  sequencer                    string          39    uvm_test_top.tb.wb.masters[0].sequencer             
---------------------------------------------------------------------------------------------------------

UVM_INFO ../wb/sv/../sv/wb_master_monitor.sv(47) @ 315: uvm_test_top.tb.wb.masters[0].monitor [wb_master_monitor] transaction collected :
-----------------------------------------
Name        Type            Size  Value  
-----------------------------------------
tr_collect  wb_transaction  -     @1213  
  op_type   op_type_enum    1     wb_read
  addr      integral        32    'h2    
  din       integral        8     'h0    
  dout      integral        8     'h0    
-----------------------------------------

UVM_INFO ../wb/sv/../sv/wb_master_seqs.sv(41) @ 315: uvm_test_top.tb.wb.masters[0].sequencer@@wb_write_seq [wb_write_seq] drop objection
UVM_INFO ../clock_and_reset/sv/clock_and_reset_seq.sv(48) @ 315: uvm_test_top.tb.clk_rst.agent.sequencer@@clk10_rst5_seq [clk10_rst5_seq] Starting test_sequence sequence body
UVM_INFO ../clock_and_reset/sv/clock_and_reset_seq.sv(20) @ 315: uvm_test_top.tb.clk_rst.agent.sequencer@@clk10_rst5_seq.cr [clock_and_reset_sequence] starting body clock_and_reset_wait_seq
UVM_INFO ../clock_and_reset/sv/clock_and_reset_seq.sv(48) @ 315: uvm_test_top.tb.clk_rst.agent.sequencer@@clk10_rst5_seq [clk10_rst5_seq] Starting test_sequence sequence body
UVM_INFO ../clock_and_reset/sv/clock_and_reset_seq.sv(20) @ 315: uvm_test_top.tb.clk_rst.agent.sequencer@@clk10_rst5_seq.cr [clock_and_reset_sequence] starting body clock_and_reset_wait_seq
UVM_INFO ../clock_and_reset/sv/clock_and_reset_seq.sv(48) @ 315: uvm_test_top.tb.clk_rst.agent.sequencer@@clk10_rst5_seq [clk10_rst5_seq] Starting test_sequence sequence body
UVM_INFO ../clock_and_reset/sv/clock_and_reset_seq.sv(20) @ 315: uvm_test_top.tb.clk_rst.agent.sequencer@@clk10_rst5_seq.cr [clock_and_reset_sequence] starting body clock_and_reset_wait_seq
UVM_INFO ../clock_and_reset/sv/clock_and_reset_seq.sv(48) @ 315: uvm_test_top.tb.clk_rst.agent.sequencer@@clk10_rst5_seq [clk10_rst5_seq] Starting test_sequence sequence body
UVM_INFO ../clock_and_reset/sv/clock_and_reset_seq.sv(20) @ 315: uvm_test_top.tb.clk_rst.agent.sequencer@@clk10_rst5_seq.cr [clock_and_reset_sequence] starting body clock_and_reset_wait_seq

--- UVM Report Summary ---

** Report counts by severity
UVM_INFO :   45
UVM_WARNING :    0
UVM_ERROR :    0
UVM_FATAL :    0
** Report counts by id
[RNTST]     1
[SPI_SLAVE_MONITOR]     1
[UVMTOP]     1
[clk10_rst5_seq]    13
[clock_and_reset_sequence]    13
[spi_slave_driver]     2
[spi_slave_monitor]     1
[wb_master_driver]     5
[wb_master_monitor]     5
[wb_write_seq]     3
$finish called from file "/mnt/NVME2/synopsys/vcs/W-2024.09-SP1/etc/uvm/base/uvm_root.svh", line 437.
$finish at simulation time                  315
           V C S   S i m u l a t i o n   R e p o r t 
Time: 315 ns
CPU Time:      0.270 seconds;       Data structure size:   0.5Mb
Thu Mar 20 14:04:24 2025
