  CREATE_STREAM @0 {NAME:clk10_rst5_seq T:TVM SCOPE:uvm_test_top.tb.clk_rst.agent.sequencer STREAM:1}
BEGIN @0 {TXH:2 STREAM:1 NAME:clk10_rst5_seq TIME=0  TYPE="Begin_No_Parent, Link" LABEL:"" DESC=""}
  CREATE_STREAM @0 {NAME:mc_seq T:TVM SCOPE:uvm_test_top.tb.mc_seqr STREAM:3}
BEGIN @0 {TXH:4 STREAM:3 NAME:mc_seq TIME=0  TYPE="Begin_No_Parent, Link" LABEL:"" DESC=""}
BEGIN @0 {TXH:5 STREAM:1 NAME:cr TIME=0  TYPE="Begin_End, Link" LABEL:"" DESC=""}
  LINK @0 {TXH1:2 TXH2:5 RELATION=child}
  CREATE_STREAM @0 {NAME:wb_seq T:TVM SCOPE:uvm_test_top.tb.wb.masters[0].sequencer STREAM:6}
BEGIN @0 {TXH:7 STREAM:6 NAME:wb_seq TIME=0  TYPE="Begin_No_Parent, Link" LABEL:"" DESC=""}
  CREATE_STREAM @0 {NAME:spi_seq T:TVM SCOPE:uvm_test_top.tb.spi.slave_agent.seqr STREAM:8}
BEGIN @0 {TXH:9 STREAM:8 NAME:spi_seq TIME=0  TYPE="Begin_No_Parent, Link" LABEL:"" DESC=""}
BEGIN @0 {TXH:10 STREAM:1 NAME:clk10_rst5_seq TIME=0  TYPE="Begin_No_Parent, Link" LABEL:"" DESC=""}
BEGIN @0 {TXH:11 STREAM:1 NAME:cr TIME=0  TYPE="Begin_End, Link" LABEL:"" DESC=""}
  LINK @0 {TXH1:10 TXH2:11 RELATION=child}
BEGIN @0 {TXH:12 STREAM:6 NAME:req TIME=0  TYPE="Begin_End, Link" LABEL:"" DESC=""}
  LINK @0 {TXH1:7 TXH2:12 RELATION=child}
BEGIN @0 {TXH:13 STREAM:8 NAME:req TIME=0  TYPE="Begin_End, Link" LABEL:"" DESC=""}
  LINK @0 {TXH1:9 TXH2:13 RELATION=child}
BEGIN @0 {TXH:14 STREAM:1 NAME:req TIME=0  TYPE="Begin_End, Link" LABEL:"" DESC=""}
  LINK @0 {TXH1:5 TXH2:14 RELATION=child}
  SET_ATTR @0 {TXH:14 NAME:clock_period VALUE:10   RADIX:UVM_HEX BITS=32}
  SET_ATTR @0 {TXH:14 NAME:reset_delay VALUE:5   RADIX:UVM_HEX BITS=32}
  SET_ATTR @0 {TXH:14 NAME:clock_cycles_to_count VALUE:0   RADIX:UVM_HEX BITS=32}
  SET_ATTR @0 {TXH:14 NAME:cycle_count_must_happen VALUE:0   RADIX:UVM_HEX BITS=1}
  SET_ATTR @0 {TXH:14 NAME:run_clock VALUE:1   RADIX:UVM_HEX BITS=1}
  SET_ATTR @0 {TXH:14 NAME:transaction_id VALUE:1   RADIX:UVM_DEC BITS=32}
END @0 {TXH:14 TIME=0}
FREE @0 {TXH:14}
END @0 {TXH:5 TIME=0}
FREE @0 {TXH:5}
BEGIN @0 {TXH:15 STREAM:1 NAME:req TIME=0  TYPE="Begin_End, Link" LABEL:"" DESC=""}
  LINK @0 {TXH1:11 TXH2:15 RELATION=child}
  SET_ATTR @0 {TXH:15 NAME:clock_period VALUE:10   RADIX:UVM_HEX BITS=32}
  SET_ATTR @0 {TXH:15 NAME:reset_delay VALUE:5   RADIX:UVM_HEX BITS=32}
  SET_ATTR @0 {TXH:15 NAME:clock_cycles_to_count VALUE:0   RADIX:UVM_HEX BITS=32}
  SET_ATTR @0 {TXH:15 NAME:cycle_count_must_happen VALUE:0   RADIX:UVM_HEX BITS=1}
  SET_ATTR @0 {TXH:15 NAME:run_clock VALUE:1   RADIX:UVM_HEX BITS=1}
  SET_ATTR @0 {TXH:15 NAME:transaction_id VALUE:1   RADIX:UVM_DEC BITS=32}
END @0 {TXH:15 TIME=0}
FREE @0 {TXH:15}
END @0 {TXH:11 TIME=0}
FREE @0 {TXH:11}
BEGIN @0 {TXH:16 STREAM:1 NAME:clk10_rst5_seq TIME=0  TYPE="Begin_No_Parent, Link" LABEL:"" DESC=""}
BEGIN @0 {TXH:17 STREAM:1 NAME:cr TIME=0  TYPE="Begin_End, Link" LABEL:"" DESC=""}
  LINK @0 {TXH1:16 TXH2:17 RELATION=child}
BEGIN @0 {TXH:18 STREAM:1 NAME:req TIME=0  TYPE="Begin_End, Link" LABEL:"" DESC=""}
  LINK @0 {TXH1:17 TXH2:18 RELATION=child}
  SET_ATTR @0 {TXH:18 NAME:clock_period VALUE:10   RADIX:UVM_HEX BITS=32}
  SET_ATTR @0 {TXH:18 NAME:reset_delay VALUE:5   RADIX:UVM_HEX BITS=32}
  SET_ATTR @0 {TXH:18 NAME:clock_cycles_to_count VALUE:0   RADIX:UVM_HEX BITS=32}
  SET_ATTR @0 {TXH:18 NAME:cycle_count_must_happen VALUE:0   RADIX:UVM_HEX BITS=1}
  SET_ATTR @0 {TXH:18 NAME:run_clock VALUE:1   RADIX:UVM_HEX BITS=1}
  SET_ATTR @0 {TXH:18 NAME:transaction_id VALUE:1   RADIX:UVM_DEC BITS=32}
END @0 {TXH:18 TIME=0}
FREE @0 {TXH:18}
END @0 {TXH:17 TIME=0}
FREE @0 {TXH:17}
BEGIN @0 {TXH:19 STREAM:1 NAME:clk10_rst5_seq TIME=0  TYPE="Begin_No_Parent, Link" LABEL:"" DESC=""}
BEGIN @0 {TXH:20 STREAM:1 NAME:cr TIME=0  TYPE="Begin_End, Link" LABEL:"" DESC=""}
  LINK @0 {TXH1:19 TXH2:20 RELATION=child}
BEGIN @0 {TXH:21 STREAM:1 NAME:req TIME=0  TYPE="Begin_End, Link" LABEL:"" DESC=""}
  LINK @0 {TXH1:20 TXH2:21 RELATION=child}
  SET_ATTR @0 {TXH:21 NAME:clock_period VALUE:10   RADIX:UVM_HEX BITS=32}
  SET_ATTR @0 {TXH:21 NAME:reset_delay VALUE:5   RADIX:UVM_HEX BITS=32}
  SET_ATTR @0 {TXH:21 NAME:clock_cycles_to_count VALUE:0   RADIX:UVM_HEX BITS=32}
  SET_ATTR @0 {TXH:21 NAME:cycle_count_must_happen VALUE:0   RADIX:UVM_HEX BITS=1}
  SET_ATTR @0 {TXH:21 NAME:run_clock VALUE:1   RADIX:UVM_HEX BITS=1}
  SET_ATTR @0 {TXH:21 NAME:transaction_id VALUE:1   RADIX:UVM_DEC BITS=32}
END @0 {TXH:21 TIME=0}
FREE @0 {TXH:21}
END @0 {TXH:20 TIME=0}
FREE @0 {TXH:20}
BEGIN @0 {TXH:22 STREAM:1 NAME:clk10_rst5_seq TIME=0  TYPE="Begin_No_Parent, Link" LABEL:"" DESC=""}
BEGIN @0 {TXH:23 STREAM:1 NAME:cr TIME=0  TYPE="Begin_End, Link" LABEL:"" DESC=""}
  LINK @0 {TXH1:22 TXH2:23 RELATION=child}
BEGIN @0 {TXH:24 STREAM:1 NAME:req TIME=0  TYPE="Begin_End, Link" LABEL:"" DESC=""}
  LINK @0 {TXH1:23 TXH2:24 RELATION=child}
  SET_ATTR @0 {TXH:24 NAME:clock_period VALUE:10   RADIX:UVM_HEX BITS=32}
  SET_ATTR @0 {TXH:24 NAME:reset_delay VALUE:5   RADIX:UVM_HEX BITS=32}
  SET_ATTR @0 {TXH:24 NAME:clock_cycles_to_count VALUE:0   RADIX:UVM_HEX BITS=32}
  SET_ATTR @0 {TXH:24 NAME:cycle_count_must_happen VALUE:0   RADIX:UVM_HEX BITS=1}
  SET_ATTR @0 {TXH:24 NAME:run_clock VALUE:1   RADIX:UVM_HEX BITS=1}
  SET_ATTR @0 {TXH:24 NAME:transaction_id VALUE:1   RADIX:UVM_DEC BITS=32}
END @0 {TXH:24 TIME=0}
FREE @0 {TXH:24}
END @0 {TXH:23 TIME=0}
FREE @0 {TXH:23}
BEGIN @0 {TXH:25 STREAM:1 NAME:clk10_rst5_seq TIME=0  TYPE="Begin_No_Parent, Link" LABEL:"" DESC=""}
BEGIN @0 {TXH:26 STREAM:1 NAME:cr TIME=0  TYPE="Begin_End, Link" LABEL:"" DESC=""}
  LINK @0 {TXH1:25 TXH2:26 RELATION=child}
BEGIN @0 {TXH:27 STREAM:1 NAME:req TIME=0  TYPE="Begin_End, Link" LABEL:"" DESC=""}
  LINK @0 {TXH1:26 TXH2:27 RELATION=child}
  SET_ATTR @0 {TXH:27 NAME:clock_period VALUE:10   RADIX:UVM_HEX BITS=32}
  SET_ATTR @0 {TXH:27 NAME:reset_delay VALUE:5   RADIX:UVM_HEX BITS=32}
  SET_ATTR @0 {TXH:27 NAME:clock_cycles_to_count VALUE:0   RADIX:UVM_HEX BITS=32}
  SET_ATTR @0 {TXH:27 NAME:cycle_count_must_happen VALUE:0   RADIX:UVM_HEX BITS=1}
  SET_ATTR @0 {TXH:27 NAME:run_clock VALUE:1   RADIX:UVM_HEX BITS=1}
  SET_ATTR @0 {TXH:27 NAME:transaction_id VALUE:1   RADIX:UVM_DEC BITS=32}
END @0 {TXH:27 TIME=0}
FREE @0 {TXH:27}
END @0 {TXH:26 TIME=0}
FREE @0 {TXH:26}
BEGIN @0 {TXH:28 STREAM:1 NAME:clk10_rst5_seq TIME=0  TYPE="Begin_No_Parent, Link" LABEL:"" DESC=""}
BEGIN @0 {TXH:29 STREAM:1 NAME:cr TIME=0  TYPE="Begin_End, Link" LABEL:"" DESC=""}
  LINK @0 {TXH1:28 TXH2:29 RELATION=child}
BEGIN @0 {TXH:30 STREAM:1 NAME:req TIME=0  TYPE="Begin_End, Link" LABEL:"" DESC=""}
  LINK @0 {TXH1:29 TXH2:30 RELATION=child}
  SET_ATTR @0 {TXH:30 NAME:clock_period VALUE:10   RADIX:UVM_HEX BITS=32}
  SET_ATTR @0 {TXH:30 NAME:reset_delay VALUE:5   RADIX:UVM_HEX BITS=32}
  SET_ATTR @0 {TXH:30 NAME:clock_cycles_to_count VALUE:0   RADIX:UVM_HEX BITS=32}
  SET_ATTR @0 {TXH:30 NAME:cycle_count_must_happen VALUE:0   RADIX:UVM_HEX BITS=1}
  SET_ATTR @0 {TXH:30 NAME:run_clock VALUE:1   RADIX:UVM_HEX BITS=1}
  SET_ATTR @0 {TXH:30 NAME:transaction_id VALUE:1   RADIX:UVM_DEC BITS=32}
END @0 {TXH:30 TIME=0}
FREE @0 {TXH:30}
END @0 {TXH:29 TIME=0}
FREE @0 {TXH:29}
BEGIN @0 {TXH:31 STREAM:1 NAME:clk10_rst5_seq TIME=0  TYPE="Begin_No_Parent, Link" LABEL:"" DESC=""}
BEGIN @0 {TXH:32 STREAM:1 NAME:cr TIME=0  TYPE="Begin_End, Link" LABEL:"" DESC=""}
  LINK @0 {TXH1:31 TXH2:32 RELATION=child}
BEGIN @0 {TXH:33 STREAM:1 NAME:req TIME=0  TYPE="Begin_End, Link" LABEL:"" DESC=""}
  LINK @0 {TXH1:32 TXH2:33 RELATION=child}
  SET_ATTR @0 {TXH:33 NAME:clock_period VALUE:10   RADIX:UVM_HEX BITS=32}
  SET_ATTR @0 {TXH:33 NAME:reset_delay VALUE:5   RADIX:UVM_HEX BITS=32}
  SET_ATTR @0 {TXH:33 NAME:clock_cycles_to_count VALUE:0   RADIX:UVM_HEX BITS=32}
  SET_ATTR @0 {TXH:33 NAME:cycle_count_must_happen VALUE:0   RADIX:UVM_HEX BITS=1}
  SET_ATTR @0 {TXH:33 NAME:run_clock VALUE:1   RADIX:UVM_HEX BITS=1}
  SET_ATTR @0 {TXH:33 NAME:transaction_id VALUE:1   RADIX:UVM_DEC BITS=32}
END @0 {TXH:33 TIME=0}
FREE @0 {TXH:33}
END @0 {TXH:32 TIME=0}
FREE @0 {TXH:32}
BEGIN @0 {TXH:34 STREAM:1 NAME:clk10_rst5_seq TIME=0  TYPE="Begin_No_Parent, Link" LABEL:"" DESC=""}
BEGIN @0 {TXH:35 STREAM:1 NAME:cr TIME=0  TYPE="Begin_End, Link" LABEL:"" DESC=""}
  LINK @0 {TXH1:34 TXH2:35 RELATION=child}
BEGIN @0 {TXH:36 STREAM:1 NAME:req TIME=0  TYPE="Begin_End, Link" LABEL:"" DESC=""}
  LINK @0 {TXH1:35 TXH2:36 RELATION=child}
  SET_ATTR @0 {TXH:36 NAME:clock_period VALUE:10   RADIX:UVM_HEX BITS=32}
  SET_ATTR @0 {TXH:36 NAME:reset_delay VALUE:5   RADIX:UVM_HEX BITS=32}
  SET_ATTR @0 {TXH:36 NAME:clock_cycles_to_count VALUE:0   RADIX:UVM_HEX BITS=32}
  SET_ATTR @0 {TXH:36 NAME:cycle_count_must_happen VALUE:0   RADIX:UVM_HEX BITS=1}
  SET_ATTR @0 {TXH:36 NAME:run_clock VALUE:1   RADIX:UVM_HEX BITS=1}
  SET_ATTR @0 {TXH:36 NAME:transaction_id VALUE:1   RADIX:UVM_DEC BITS=32}
END @0 {TXH:36 TIME=0}
FREE @0 {TXH:36}
END @0 {TXH:35 TIME=0}
FREE @0 {TXH:35}
BEGIN @0 {TXH:37 STREAM:1 NAME:clk10_rst5_seq TIME=0  TYPE="Begin_No_Parent, Link" LABEL:"" DESC=""}
BEGIN @0 {TXH:38 STREAM:1 NAME:cr TIME=0  TYPE="Begin_End, Link" LABEL:"" DESC=""}
  LINK @0 {TXH1:37 TXH2:38 RELATION=child}
BEGIN @0 {TXH:39 STREAM:1 NAME:req TIME=0  TYPE="Begin_End, Link" LABEL:"" DESC=""}
  LINK @0 {TXH1:38 TXH2:39 RELATION=child}
  SET_ATTR @0 {TXH:39 NAME:clock_period VALUE:10   RADIX:UVM_HEX BITS=32}
  SET_ATTR @0 {TXH:39 NAME:reset_delay VALUE:5   RADIX:UVM_HEX BITS=32}
  SET_ATTR @0 {TXH:39 NAME:clock_cycles_to_count VALUE:0   RADIX:UVM_HEX BITS=32}
  SET_ATTR @0 {TXH:39 NAME:cycle_count_must_happen VALUE:0   RADIX:UVM_HEX BITS=1}
  SET_ATTR @0 {TXH:39 NAME:run_clock VALUE:1   RADIX:UVM_HEX BITS=1}
  SET_ATTR @0 {TXH:39 NAME:transaction_id VALUE:1   RADIX:UVM_DEC BITS=32}
END @0 {TXH:39 TIME=0}
FREE @0 {TXH:39}
END @0 {TXH:38 TIME=0}
FREE @0 {TXH:38}
BEGIN @0 {TXH:40 STREAM:1 NAME:clk10_rst5_seq TIME=0  TYPE="Begin_No_Parent, Link" LABEL:"" DESC=""}
BEGIN @0 {TXH:41 STREAM:1 NAME:cr TIME=0  TYPE="Begin_End, Link" LABEL:"" DESC=""}
  LINK @0 {TXH1:40 TXH2:41 RELATION=child}
BEGIN @0 {TXH:42 STREAM:1 NAME:req TIME=0  TYPE="Begin_End, Link" LABEL:"" DESC=""}
  LINK @0 {TXH1:41 TXH2:42 RELATION=child}
  SET_ATTR @0 {TXH:42 NAME:clock_period VALUE:10   RADIX:UVM_HEX BITS=32}
  SET_ATTR @0 {TXH:42 NAME:reset_delay VALUE:5   RADIX:UVM_HEX BITS=32}
  SET_ATTR @0 {TXH:42 NAME:clock_cycles_to_count VALUE:0   RADIX:UVM_HEX BITS=32}
  SET_ATTR @0 {TXH:42 NAME:cycle_count_must_happen VALUE:0   RADIX:UVM_HEX BITS=1}
  SET_ATTR @0 {TXH:42 NAME:run_clock VALUE:1   RADIX:UVM_HEX BITS=1}
  SET_ATTR @0 {TXH:42 NAME:transaction_id VALUE:1   RADIX:UVM_DEC BITS=32}
END @0 {TXH:42 TIME=0}
FREE @0 {TXH:42}
END @0 {TXH:41 TIME=0}
FREE @0 {TXH:41}
BEGIN @0 {TXH:43 STREAM:1 NAME:clk10_rst5_seq TIME=0  TYPE="Begin_No_Parent, Link" LABEL:"" DESC=""}
BEGIN @0 {TXH:44 STREAM:1 NAME:cr TIME=0  TYPE="Begin_End, Link" LABEL:"" DESC=""}
  LINK @0 {TXH1:43 TXH2:44 RELATION=child}
BEGIN @0 {TXH:45 STREAM:1 NAME:req TIME=0  TYPE="Begin_End, Link" LABEL:"" DESC=""}
  LINK @0 {TXH1:44 TXH2:45 RELATION=child}
  SET_ATTR @0 {TXH:45 NAME:clock_period VALUE:10   RADIX:UVM_HEX BITS=32}
  SET_ATTR @0 {TXH:45 NAME:reset_delay VALUE:5   RADIX:UVM_HEX BITS=32}
  SET_ATTR @0 {TXH:45 NAME:clock_cycles_to_count VALUE:0   RADIX:UVM_HEX BITS=32}
  SET_ATTR @0 {TXH:45 NAME:cycle_count_must_happen VALUE:0   RADIX:UVM_HEX BITS=1}
  SET_ATTR @0 {TXH:45 NAME:run_clock VALUE:1   RADIX:UVM_HEX BITS=1}
  SET_ATTR @0 {TXH:45 NAME:transaction_id VALUE:1   RADIX:UVM_DEC BITS=32}
END @0 {TXH:45 TIME=0}
FREE @0 {TXH:45}
END @0 {TXH:44 TIME=0}
FREE @0 {TXH:44}
BEGIN @0 {TXH:46 STREAM:1 NAME:clk10_rst5_seq TIME=0  TYPE="Begin_No_Parent, Link" LABEL:"" DESC=""}
BEGIN @0 {TXH:47 STREAM:1 NAME:cr TIME=0  TYPE="Begin_End, Link" LABEL:"" DESC=""}
  LINK @0 {TXH1:46 TXH2:47 RELATION=child}
BEGIN @0 {TXH:48 STREAM:1 NAME:req TIME=0  TYPE="Begin_End, Link" LABEL:"" DESC=""}
  LINK @0 {TXH1:47 TXH2:48 RELATION=child}
  SET_ATTR @0 {TXH:48 NAME:clock_period VALUE:10   RADIX:UVM_HEX BITS=32}
  SET_ATTR @0 {TXH:48 NAME:reset_delay VALUE:5   RADIX:UVM_HEX BITS=32}
  SET_ATTR @0 {TXH:48 NAME:clock_cycles_to_count VALUE:0   RADIX:UVM_HEX BITS=32}
  SET_ATTR @0 {TXH:48 NAME:cycle_count_must_happen VALUE:0   RADIX:UVM_HEX BITS=1}
  SET_ATTR @0 {TXH:48 NAME:run_clock VALUE:1   RADIX:UVM_HEX BITS=1}
  SET_ATTR @0 {TXH:48 NAME:transaction_id VALUE:1   RADIX:UVM_DEC BITS=32}
END @0 {TXH:48 TIME=0}
FREE @0 {TXH:48}
END @0 {TXH:47 TIME=0}
FREE @0 {TXH:47}
  SET_ATTR @75000 {TXH:12 NAME:op_type VALUE:8602543204856329317   RADIX:UVM_STRING BITS=64}
  SET_ATTR @75000 {TXH:12 NAME:addr VALUE:0   RADIX:UVM_HEX BITS=32}
  SET_ATTR @75000 {TXH:12 NAME:din VALUE:112   RADIX:UVM_HEX BITS=8}
  SET_ATTR @75000 {TXH:12 NAME:dout VALUE:X   RADIX:UVM_HEX BITS=8}
  SET_ATTR @75000 {TXH:12 NAME:transaction_id VALUE:1   RADIX:UVM_DEC BITS=32}
END @75000 {TXH:12 TIME=0}
FREE @75000 {TXH:12}
BEGIN @75000 {TXH:49 STREAM:6 NAME:req TIME=0  TYPE="Begin_End, Link" LABEL:"" DESC=""}
  LINK @75000 {TXH1:7 TXH2:49 RELATION=child}
  SET_ATTR @95000 {TXH:49 NAME:op_type VALUE:8602543204856329317   RADIX:UVM_STRING BITS=64}
  SET_ATTR @95000 {TXH:49 NAME:addr VALUE:4   RADIX:UVM_HEX BITS=32}
  SET_ATTR @95000 {TXH:49 NAME:din VALUE:1   RADIX:UVM_HEX BITS=8}
  SET_ATTR @95000 {TXH:49 NAME:dout VALUE:X   RADIX:UVM_HEX BITS=8}
  SET_ATTR @95000 {TXH:49 NAME:transaction_id VALUE:2   RADIX:UVM_DEC BITS=32}
END @95000 {TXH:49 TIME=0}
FREE @95000 {TXH:49}
BEGIN @95000 {TXH:50 STREAM:6 NAME:req TIME=0  TYPE="Begin_End, Link" LABEL:"" DESC=""}
  LINK @95000 {TXH1:7 TXH2:50 RELATION=child}
  SET_ATTR @115000 {TXH:50 NAME:op_type VALUE:8602543204856329317   RADIX:UVM_STRING BITS=64}
  SET_ATTR @115000 {TXH:50 NAME:addr VALUE:2   RADIX:UVM_HEX BITS=32}
  SET_ATTR @115000 {TXH:50 NAME:din VALUE:0   RADIX:UVM_HEX BITS=8}
  SET_ATTR @115000 {TXH:50 NAME:dout VALUE:X   RADIX:UVM_HEX BITS=8}
  SET_ATTR @115000 {TXH:50 NAME:transaction_id VALUE:3   RADIX:UVM_DEC BITS=32}
END @115000 {TXH:50 TIME=0}
FREE @115000 {TXH:50}
BEGIN @275000 {TXH:51 STREAM:6 NAME:req TIME=0  TYPE="Begin_End, Link" LABEL:"" DESC=""}
  LINK @275000 {TXH1:7 TXH2:51 RELATION=child}
  SET_ATTR @275000 {TXH:13 NAME:data_in VALUE:0   RADIX:UVM_HEX BITS=8}
  SET_ATTR @275000 {TXH:13 NAME:data_out VALUE:170   RADIX:UVM_HEX BITS=8}
  SET_ATTR @275000 {TXH:13 NAME:transaction_id VALUE:1   RADIX:UVM_DEC BITS=32}
END @275000 {TXH:13 TIME=0}
FREE @275000 {TXH:13}
END @275000 {TXH:9 TIME=0}
FREE @275000 {TXH:9}
  SET_ATTR @295000 {TXH:51 NAME:op_type VALUE:8602543204856329317   RADIX:UVM_STRING BITS=64}
  SET_ATTR @295000 {TXH:51 NAME:addr VALUE:4   RADIX:UVM_HEX BITS=32}
  SET_ATTR @295000 {TXH:51 NAME:din VALUE:0   RADIX:UVM_HEX BITS=8}
  SET_ATTR @295000 {TXH:51 NAME:dout VALUE:X   RADIX:UVM_HEX BITS=8}
  SET_ATTR @295000 {TXH:51 NAME:transaction_id VALUE:4   RADIX:UVM_DEC BITS=32}
END @295000 {TXH:51 TIME=0}
FREE @295000 {TXH:51}
BEGIN @295000 {TXH:52 STREAM:6 NAME:req TIME=0  TYPE="Begin_End, Link" LABEL:"" DESC=""}
  LINK @295000 {TXH1:7 TXH2:52 RELATION=child}
END @300000 {TXH:2 TIME=0}
FREE @300000 {TXH:2}
END @300000 {TXH:46 TIME=0}
FREE @300000 {TXH:46}
  SET_ATTR @315000 {TXH:52 NAME:op_type VALUE:33603684309229924   RADIX:UVM_STRING BITS=56}
  SET_ATTR @315000 {TXH:52 NAME:addr VALUE:2   RADIX:UVM_HEX BITS=32}
  SET_ATTR @315000 {TXH:52 NAME:din VALUE:7   RADIX:UVM_HEX BITS=8}
  SET_ATTR @315000 {TXH:52 NAME:dout VALUE:170   RADIX:UVM_HEX BITS=8}
  SET_ATTR @315000 {TXH:52 NAME:transaction_id VALUE:5   RADIX:UVM_DEC BITS=32}
END @315000 {TXH:52 TIME=0}
FREE @315000 {TXH:52}
END @315000 {TXH:7 TIME=0}
FREE @315000 {TXH:7}
END @315000 {TXH:4 TIME=0}
FREE @315000 {TXH:4}
